<?xml version="1.0" encoding="UTF-8"?>
<testng-results ignored="0" total="6" passed="6" failed="0" skipped="0">
  <reporter-output>
  </reporter-output>
  <suite started-at="2022-10-12T07:25:27 IST" name="Suite" finished-at="2022-10-12T07:25:46 IST" duration-ms="19286">
    <groups>
    </groups>
    <test started-at="2022-10-12T07:25:27 IST" name="BeforeAftertest" finished-at="2022-10-12T07:25:38 IST" duration-ms="11092">
      <class name="Testng.BeforeAfterDemo">
        <test-method is-config="true" signature="beforeCode()[pri:0, instance:Testng.BeforeAfterDemo@40ef3420]" started-at="2022-10-12T07:25:27 IST" name="beforeCode" finished-at="2022-10-12T07:25:33 IST" duration-ms="6171" status="PASS">
          <reporter-output>
          </reporter-output>
        </test-method> <!-- beforeCode -->
        <test-method signature="multipleSelect()[pri:0, instance:Testng.BeforeAfterDemo@40ef3420]" started-at="2022-10-12T07:25:33 IST" name="multipleSelect" finished-at="2022-10-12T07:25:35 IST" duration-ms="1566" status="PASS">
          <reporter-output>
          </reporter-output>
        </test-method> <!-- multipleSelect -->
        <test-method signature="printMsg()[pri:0, instance:Testng.BeforeAfterDemo@40ef3420]" started-at="2022-10-12T07:25:35 IST" name="printMsg" finished-at="2022-10-12T07:25:35 IST" duration-ms="107" status="PASS">
          <reporter-output>
          </reporter-output>
        </test-method> <!-- printMsg -->
        <test-method signature="sum()[pri:0, instance:Testng.BeforeAfterDemo@40ef3420]" started-at="2022-10-12T07:25:35 IST" name="sum" finished-at="2022-10-12T07:25:37 IST" duration-ms="2554" status="PASS">
          <reporter-output>
          </reporter-output>
        </test-method> <!-- sum -->
        <test-method is-config="true" signature="afterCode()[pri:0, instance:Testng.BeforeAfterDemo@40ef3420]" started-at="2022-10-12T07:25:37 IST" name="afterCode" finished-at="2022-10-12T07:25:38 IST" duration-ms="565" status="PASS">
          <reporter-output>
          </reporter-output>
        </test-method> <!-- afterCode -->
      </class> <!-- Testng.BeforeAfterDemo -->
    </test> <!-- BeforeAftertest -->
    <test started-at="2022-10-12T07:25:38 IST" name="Smoke" finished-at="2022-10-12T07:25:46 IST" duration-ms="8088">
      <class name="Testng.BeforeAfterDemo">
        <test-method is-config="true" signature="beforeCode()[pri:0, instance:Testng.BeforeAfterDemo@2d7275fc]" started-at="2022-10-12T07:25:38 IST" name="beforeCode" finished-at="2022-10-12T07:25:42 IST" duration-ms="3535" status="PASS">
          <reporter-output>
          </reporter-output>
        </test-method> <!-- beforeCode -->
        <test-method signature="multipleSelect()[pri:0, instance:Testng.BeforeAfterDemo@2d7275fc]" started-at="2022-10-12T07:25:42 IST" name="multipleSelect" finished-at="2022-10-12T07:25:43 IST" duration-ms="1499" status="PASS">
          <reporter-output>
          </reporter-output>
        </test-method> <!-- multipleSelect -->
        <test-method signature="printMsg()[pri:0, instance:Testng.BeforeAfterDemo@2d7275fc]" started-at="2022-10-12T07:25:43 IST" name="printMsg" finished-at="2022-10-12T07:25:43 IST" duration-ms="117" status="PASS">
          <reporter-output>
          </reporter-output>
        </test-method> <!-- printMsg -->
        <test-method signature="sum()[pri:0, instance:Testng.BeforeAfterDemo@2d7275fc]" started-at="2022-10-12T07:25:43 IST" name="sum" finished-at="2022-10-12T07:25:46 IST" duration-ms="2616" status="PASS">
          <reporter-output>
          </reporter-output>
        </test-method> <!-- sum -->
        <test-method is-config="true" signature="afterCode()[pri:0, instance:Testng.BeforeAfterDemo@2d7275fc]" started-at="2022-10-12T07:25:46 IST" name="afterCode" finished-at="2022-10-12T07:25:46 IST" duration-ms="287" status="PASS">
          <reporter-output>
          </reporter-output>
        </test-method> <!-- afterCode -->
      </class> <!-- Testng.BeforeAfterDemo -->
    </test> <!-- Smoke -->
  </suite> <!-- Suite -->
</testng-results>
