<?xml version="1.0" encoding="UTF-8"?>
<testng-results ignored="0" total="3" passed="3" failed="0" skipped="0">
  <reporter-output>
  </reporter-output>
  <suite started-at="2022-10-11T07:43:44 IST" name="Default suite" finished-at="2022-10-11T07:43:44 IST" duration-ms="167">
    <groups>
    </groups>
    <test started-at="2022-10-11T07:43:44 IST" name="Default test" finished-at="2022-10-11T07:43:44 IST" duration-ms="167">
      <class name="seleniumBasics.NewTest">
        <test-method is-config="true" signature="beforeTest()[pri:0, instance:seleniumBasics.NewTest@1ab3a8c8]" started-at="2022-10-11T07:43:44 IST" name="beforeTest" finished-at="2022-10-11T07:43:44 IST" duration-ms="19" status="PASS">
          <reporter-output>
          </reporter-output>
        </test-method> <!-- beforeTest -->
        <test-method signature="first()[pri:0, instance:seleniumBasics.NewTest@1ab3a8c8]" started-at="2022-10-11T07:43:44 IST" name="first" finished-at="2022-10-11T07:43:44 IST" duration-ms="22" status="PASS">
          <reporter-output>
          </reporter-output>
        </test-method> <!-- first -->
        <test-method is-config="true" signature="afterTest()[pri:0, instance:seleniumBasics.NewTest@1ab3a8c8]" started-at="2022-10-11T07:43:44 IST" name="afterTest" finished-at="2022-10-11T07:43:44 IST" duration-ms="1" status="PASS">
          <reporter-output>
          </reporter-output>
        </test-method> <!-- afterTest -->
        <test-method signature="second()[pri:0, instance:seleniumBasics.NewTest@1ab3a8c8]" started-at="2022-10-11T07:43:44 IST" name="second" finished-at="2022-10-11T07:43:44 IST" duration-ms="3" status="PASS">
          <reporter-output>
          </reporter-output>
        </test-method> <!-- second -->
        <test-method is-config="true" signature="afterTest()[pri:0, instance:seleniumBasics.NewTest@1ab3a8c8]" started-at="2022-10-11T07:43:44 IST" name="afterTest" finished-at="2022-10-11T07:43:44 IST" duration-ms="2" status="PASS">
          <reporter-output>
          </reporter-output>
        </test-method> <!-- afterTest -->
        <test-method signature="third()[pri:0, instance:seleniumBasics.NewTest@1ab3a8c8]" started-at="2022-10-11T07:43:44 IST" name="third" finished-at="2022-10-11T07:43:44 IST" duration-ms="9" status="PASS">
          <reporter-output>
          </reporter-output>
        </test-method> <!-- third -->
        <test-method is-config="true" signature="afterTest()[pri:0, instance:seleniumBasics.NewTest@1ab3a8c8]" started-at="2022-10-11T07:43:44 IST" name="afterTest" finished-at="2022-10-11T07:43:44 IST" duration-ms="1" status="PASS">
          <reporter-output>
          </reporter-output>
        </test-method> <!-- afterTest -->
      </class> <!-- seleniumBasics.NewTest -->
    </test> <!-- Default test -->
  </suite> <!-- Default suite -->
</testng-results>
