<?xml version="1.0" encoding="UTF-8"?>
<!-- Generated by org.testng.reporters.JUnitXMLReporter -->
<testsuite ignored="0" hostname="hp" failures="0" tests="3" name="BeforeAftertest" time="11.092" errors="0" timestamp="2022-10-12T07:25:38 IST">
  <testcase classname="Testng.BeforeAfterDemo" name="multipleSelect" time="1.566"/>
  <testcase classname="Testng.BeforeAfterDemo" name="printMsg" time="0.107"/>
  <testcase classname="Testng.BeforeAfterDemo" name="sum" time="2.554"/>
</testsuite> <!-- BeforeAftertest -->
