<?xml version="1.0" encoding="UTF-8"?>
<!-- Generated by org.testng.reporters.JUnitXMLReporter -->
<testsuite ignored="0" hostname="hp" failures="0" tests="3" name="Smoke" time="8.088" errors="0" timestamp="2022-10-12T07:25:46 IST">
  <testcase classname="Testng.BeforeAfterDemo" name="multipleSelect" time="1.499"/>
  <testcase classname="Testng.BeforeAfterDemo" name="printMsg" time="0.117"/>
  <testcase classname="Testng.BeforeAfterDemo" name="sum" time="2.616"/>
</testsuite> <!-- Smoke -->
