<?xml version="1.0" encoding="UTF-8"?>
<!-- Generated by org.testng.reporters.JUnitXMLReporter -->
<testsuite ignored="0" hostname="hp" failures="0" tests="3" name="Test" time="11.574" errors="0" timestamp="2022-10-12T07:23:43 IST">
  <testcase classname="Testng.BeforeAfterDemo" name="multipleSelect" time="1.52"/>
  <testcase classname="Testng.BeforeAfterDemo" name="printMsg" time="0.098"/>
  <testcase classname="Testng.BeforeAfterDemo" name="sum" time="2.649"/>
</testsuite> <!-- Test -->
