<?xml version="1.0" encoding="UTF-8"?>
<!-- Generated by org.testng.reporters.JUnitXMLReporter -->
<testsuite ignored="0" hostname="hp" failures="0" tests="3" name="Default test" time="20.495" errors="0" timestamp="2022-10-12T07:12:36 IST">
  <testcase classname="Testng.BeforeAfterDemo" name="multipleSelect" time="1.488"/>
  <testcase classname="Testng.BeforeAfterDemo" name="printMsg" time="0.15"/>
  <testcase classname="Testng.BeforeAfterDemo" name="sum" time="2.666"/>
</testsuite> <!-- Default test -->
