<?xml version="1.0" encoding="UTF-8"?>
<!-- Generated by org.testng.reporters.JUnitXMLReporter -->
<testsuite ignored="0" hostname="hp" failures="0" tests="3" name="Default test" time="0.167" errors="0" timestamp="2022-10-11T07:43:44 IST">
  <testcase classname="seleniumBasics.NewTest" name="first" time="0.022"/>
  <testcase classname="seleniumBasics.NewTest" name="second" time="0.003"/>
  <testcase classname="seleniumBasics.NewTest" name="third" time="0.009"/>
</testsuite> <!-- Default test -->
